Looking in indexes: https://pypi.tuna.tsinghua.edu.cn/simple
Processing /work/home/onescience2025/zhangyq/onescience/src/onescience/models/evo2/3rdparty/causal-conv1d-1.5.2
  Preparing metadata (pyproject.toml): started
  Preparing metadata (pyproject.toml): finished with status 'done'
Building wheels for collected packages: causal_conv1d
  Building wheel for causal_conv1d (pyproject.toml): started
  Building wheel for causal_conv1d (pyproject.toml): finished with status 'error'
  error: subprocess-exited-with-error
  
  Ã— Building wheel for causal_conv1d (pyproject.toml) did not run successfully.
  â”‚ exit code: 1
  â•°â”€> [208 lines of output]
      
      
      torch.__version__  = 2.4.1
      
      
      /work/home/onescience2025/zhangyq/onescience/src/onescience/models/evo2/3rdparty/causal-conv1d-1.5.2/csrc/causal_conv1d.h -> /work/home/onescience2025/zhangyq/onescience/src/onescience/models/evo2/3rdparty/causal-conv1d-1.5.2/csrc/causal_conv1d.h [skipped, no changes]
      /work/home/onescience2025/zhangyq/onescience/src/onescience/models/evo2/3rdparty/causal-conv1d-1.5.2/csrc/causal_conv1d.cpp -> /work/home/onescience2025/zhangyq/onescience/src/onescience/models/evo2/3rdparty/causal-conv1d-1.5.2/csrc/causal_conv1d_hip.cpp [skipped, already hipified]
      /work/home/onescience2025/zhangyq/onescience/src/onescience/models/evo2/3rdparty/causal-conv1d-1.5.2/csrc/causal_conv1d_common.h -> /work/home/onescience2025/zhangyq/onescience/src/onescience/models/evo2/3rdparty/causal-conv1d-1.5.2/csrc/causal_conv1d_common_hip.h [skipped, already hipified]
      /work/home/onescience2025/zhangyq/onescience/src/onescience/models/evo2/3rdparty/causal-conv1d-1.5.2/csrc/static_switch.h -> /work/home/onescience2025/zhangyq/onescience/src/onescience/models/evo2/3rdparty/causal-conv1d-1.5.2/csrc/static_switch.h [skipped, no changes]
      /work/home/onescience2025/zhangyq/onescience/src/onescience/models/evo2/3rdparty/causal-conv1d-1.5.2/csrc/causal_conv1d_fwd.cu -> /work/home/onescience2025/zhangyq/onescience/src/onescience/models/evo2/3rdparty/causal-conv1d-1.5.2/csrc/causal_conv1d_fwd.hip [skipped, already hipified]
      /work/home/onescience2025/zhangyq/onescience/src/onescience/models/evo2/3rdparty/causal-conv1d-1.5.2/csrc/causal_conv1d_bwd.cu -> /work/home/onescience2025/zhangyq/onescience/src/onescience/models/evo2/3rdparty/causal-conv1d-1.5.2/csrc/causal_conv1d_bwd.hip [skipped, already hipified]
      /work/home/onescience2025/zhangyq/onescience/src/onescience/models/evo2/3rdparty/causal-conv1d-1.5.2/csrc/causal_conv1d_update.cu -> /work/home/onescience2025/zhangyq/onescience/src/onescience/models/evo2/3rdparty/causal-conv1d-1.5.2/csrc/causal_conv1d_update.hip [skipped, already hipified]
      [92mSuccessfully preprocessed all matching files.[0m
      /work/home/onescience2025/anaconda3/envs/onescience-evo2/lib/python3.11/site-packages/setuptools/dist.py:759: SetuptoolsDeprecationWarning: License classifiers are deprecated.
      !!
      
              ********************************************************************************
              Please consider removing the following classifiers in favor of a SPDX license expression:
      
              License :: OSI Approved :: BSD License
      
              See https://packaging.python.org/en/latest/guides/writing-pyproject-toml/#license for details.
              ********************************************************************************
      
      !!
        self._finalize_license_expression()
      Total number of unsupported CUDA function calls: 0
      
      
      Total number of replaced kernel launches: 5
      each_nvcc_Input_output:  -O3 -O3
      each_nvcc_Input_output:  -std=c++17 -std=c++17
      each_nvcc_Input_output:  --offload-arch=gfx928,gfx936 --offload-arch=gfx928,gfx936
      each_nvcc_Input_output:  -U__CUDA_NO_HALF_OPERATORS__ -U__CUDA_NO_HALF_OPERATORS__
      each_nvcc_Input_output:  -U__CUDA_NO_HALF_CONVERSIONS__ -U__CUDA_NO_HALF_CONVERSIONS__
      each_nvcc_Input_output:  -fgpu-flush-denormals-to-zero -fgpu-flush-denormals-to-zero
      each_nvcc_Input_output:  -DBUILD_PYTHON_PACKAGE -DBUILD_PYTHON_PACKAGE
      input_nvcc_args:  ['-O3', '-std=c++17', '--offload-arch=gfx928,gfx936', '-U__CUDA_NO_HALF_OPERATORS__', '-U__CUDA_NO_HALF_CONVERSIONS__', '-fgpu-flush-denormals-to-zero', '-DBUILD_PYTHON_PACKAGE']
      output_nvcc_args:  ['-O3', '-std=c++17', '--offload-arch=gfx928,gfx936', '-U__CUDA_NO_HALF_OPERATORS__', '-U__CUDA_NO_HALF_CONVERSIONS__', '-fgpu-flush-denormals-to-zero', '-DBUILD_PYTHON_PACKAGE']
      running bdist_wheel
      running build
      running build_py
      running build_ext
      building 'causal_conv1d_cuda' extension
      Emitting ninja build file /work/home/onescience2025/zhangyq/onescience/src/onescience/models/evo2/3rdparty/causal-conv1d-1.5.2/build/temp.linux-x86_64-cpython-311/build.ninja...
      Compiling objects...
      Allowing ninja to set a default number of workers... (overridable by setting the environment variable MAX_JOBS=N)
      [1/1] c++ -MMD -MF /work/home/onescience2025/zhangyq/onescience/src/onescience/models/evo2/3rdparty/causal-conv1d-1.5.2/build/temp.linux-x86_64-cpython-311/csrc/causal_conv1d_hip.o.d -pthread -B /work/home/onescience2025/anaconda3/envs/onescience-evo2/compiler_compat -DNDEBUG -fwrapv -O2 -Wall -fPIC -O2 -isystem /work/home/onescience2025/anaconda3/envs/onescience-evo2/include -fPIC -O2 -isystem /work/home/onescience2025/anaconda3/envs/onescience-evo2/include -fPIC -I/work/home/onescience2025/zhangyq/onescience/src/onescience/models/evo2/3rdparty/causal-conv1d-1.5.2/csrc -I/work/home/onescience2025/anaconda3/envs/onescience-evo2/lib/python3.11/site-packages/torch/include -I/work/home/onescience2025/anaconda3/envs/onescience-evo2/lib/python3.11/site-packages/torch/include/torch/csrc/api/include -I/work/home/onescience2025/anaconda3/envs/onescience-evo2/lib/python3.11/site-packages/torch/include/TH -I/work/home/onescience2025/anaconda3/envs/onescience-evo2/lib/python3.11/site-packages/torch/include/THC -I/work/home/onescience2025/anaconda3/envs/onescience-evo2/lib/python3.11/site-packages/torch/include/THH -I/work/home/onescience2025/dtk/dtk-25.04.1/include -I/work/home/onescience2025/anaconda3/envs/onescience-evo2/include/python3.11 -c -c /work/home/onescience2025/zhangyq/onescience/src/onescience/models/evo2/3rdparty/causal-conv1d-1.5.2/csrc/causal_conv1d_hip.cpp -o /work/home/onescience2025/zhangyq/onescience/src/onescience/models/evo2/3rdparty/causal-conv1d-1.5.2/build/temp.linux-x86_64-cpython-311/csrc/causal_conv1d_hip.o -fPIC -D__HIP_PLATFORM_AMD__=1 -DUSE_ROCM=1 -DHIPBLAS_V2 -fPIC -D__HIP_PLATFORM_AMD__=1 -DUSE_ROCM=1 -DHIPBLAS_V2 -O3 -std=c++17 -DTORCH_API_INCLUDE_EXTENSION_H '-DPYBIND11_COMPILER_TYPE="_gcc"' '-DPYBIND11_STDLIB="_libstdcpp"' '-DPYBIND11_BUILD_ABI="_cxxabi1014"' -DTORCH_EXTENSION_NAME=causal_conv1d_cuda -D_GLIBCXX_USE_CXX11_ABI=1
      FAILED: [code=1] /work/home/onescience2025/zhangyq/onescience/src/onescience/models/evo2/3rdparty/causal-conv1d-1.5.2/build/temp.linux-x86_64-cpython-311/csrc/causal_conv1d_hip.o
      c++ -MMD -MF /work/home/onescience2025/zhangyq/onescience/src/onescience/models/evo2/3rdparty/causal-conv1d-1.5.2/build/temp.linux-x86_64-cpython-311/csrc/causal_conv1d_hip.o.d -pthread -B /work/home/onescience2025/anaconda3/envs/onescience-evo2/compiler_compat -DNDEBUG -fwrapv -O2 -Wall -fPIC -O2 -isystem /work/home/onescience2025/anaconda3/envs/onescience-evo2/include -fPIC -O2 -isystem /work/home/onescience2025/anaconda3/envs/onescience-evo2/include -fPIC -I/work/home/onescience2025/zhangyq/onescience/src/onescience/models/evo2/3rdparty/causal-conv1d-1.5.2/csrc -I/work/home/onescience2025/anaconda3/envs/onescience-evo2/lib/python3.11/site-packages/torch/include -I/work/home/onescience2025/anaconda3/envs/onescience-evo2/lib/python3.11/site-packages/torch/include/torch/csrc/api/include -I/work/home/onescience2025/anaconda3/envs/onescience-evo2/lib/python3.11/site-packages/torch/include/TH -I/work/home/onescience2025/anaconda3/envs/onescience-evo2/lib/python3.11/site-packages/torch/include/THC -I/work/home/onescience2025/anaconda3/envs/onescience-evo2/lib/python3.11/site-packages/torch/include/THH -I/work/home/onescience2025/dtk/dtk-25.04.1/include -I/work/home/onescience2025/anaconda3/envs/onescience-evo2/include/python3.11 -c -c /work/home/onescience2025/zhangyq/onescience/src/onescience/models/evo2/3rdparty/causal-conv1d-1.5.2/csrc/causal_conv1d_hip.cpp -o /work/home/onescience2025/zhangyq/onescience/src/onescience/models/evo2/3rdparty/causal-conv1d-1.5.2/build/temp.linux-x86_64-cpython-311/csrc/causal_conv1d_hip.o -fPIC -D__HIP_PLATFORM_AMD__=1 -DUSE_ROCM=1 -DHIPBLAS_V2 -fPIC -D__HIP_PLATFORM_AMD__=1 -DUSE_ROCM=1 -DHIPBLAS_V2 -O3 -std=c++17 -DTORCH_API_INCLUDE_EXTENSION_H '-DPYBIND11_COMPILER_TYPE="_gcc"' '-DPYBIND11_STDLIB="_libstdcpp"' '-DPYBIND11_BUILD_ABI="_cxxabi1014"' -DTORCH_EXTENSION_NAME=causal_conv1d_cuda -D_GLIBCXX_USE_CXX11_ABI=1
      In file included from /work/home/onescience2025/anaconda3/envs/onescience-evo2/lib/python3.11/site-packages/torch/include/ATen/core/TensorBase.h:14,
                       from /work/home/onescience2025/anaconda3/envs/onescience-evo2/lib/python3.11/site-packages/torch/include/ATen/core/TensorBody.h:38,
                       from /work/home/onescience2025/anaconda3/envs/onescience-evo2/lib/python3.11/site-packages/torch/include/ATen/core/Tensor.h:3,
                       from /work/home/onescience2025/anaconda3/envs/onescience-evo2/lib/python3.11/site-packages/torch/include/torch/csrc/utils/variadic.h:3,
                       from /work/home/onescience2025/anaconda3/envs/onescience-evo2/lib/python3.11/site-packages/torch/include/torch/csrc/api/include/torch/detail/static.h:3,
                       from /work/home/onescience2025/anaconda3/envs/onescience-evo2/lib/python3.11/site-packages/torch/include/torch/csrc/api/include/torch/python.h:3,
                       from /work/home/onescience2025/zhangyq/onescience/src/onescience/models/evo2/3rdparty/causal-conv1d-1.5.2/csrc/causal_conv1d_hip.cpp:9:
      /work/home/onescience2025/anaconda3/envs/onescience-evo2/lib/python3.11/site-packages/torch/include/c10/util/C++17.h:13:2: error: #error "You're trying to build PyTorch with a too old version of GCC. We need GCC 9 or later."
       #error \
        ^~~~~
      In file included from /work/home/onescience2025/anaconda3/envs/onescience-evo2/lib/python3.11/site-packages/torch/include/c10/core/impl/PyInterpreter.h:4,
                       from /work/home/onescience2025/anaconda3/envs/onescience-evo2/lib/python3.11/site-packages/torch/include/c10/core/impl/GPUTrace.h:3,
                       from /work/home/onescience2025/anaconda3/envs/onescience-evo2/lib/python3.11/site-packages/torch/include/c10/hip/impl/HIPGuardImpl.h:6,
                       from /work/home/onescience2025/anaconda3/envs/onescience-evo2/lib/python3.11/site-packages/torch/include/ATen/hip/impl/HIPGuardImplMasqueradingAsCUDA.h:6,
                       from /work/home/onescience2025/zhangyq/onescience/src/onescience/models/evo2/3rdparty/causal-conv1d-1.5.2/csrc/causal_conv1d_hip.cpp:7:
      /work/home/onescience2025/anaconda3/envs/onescience-evo2/lib/python3.11/site-packages/torch/include/c10/core/DispatchKeySet.h:752:73:   in â€˜constexprâ€™ expansion of â€˜c10::DispatchKeySet(AutogradCPU)â€™
      /work/home/onescience2025/anaconda3/envs/onescience-evo2/lib/python3.11/site-packages/torch/include/c10/core/DispatchKeySet.h:236:42:   in â€˜constexprâ€™ expansion of â€˜c10::toBackendComponent(k)â€™
      /work/home/onescience2025/anaconda3/envs/onescience-evo2/lib/python3.11/site-packages/torch/include/c10/core/DispatchKeySet.h:752:73: error: overflow in constant expression [-fpermissive]
       constexpr auto autograd_cpu_ks = DispatchKeySet(DispatchKey::AutogradCPU);
                                                                               ^
      /work/home/onescience2025/anaconda3/envs/onescience-evo2/lib/python3.11/site-packages/torch/include/c10/core/DispatchKeySet.h:753:73:   in â€˜constexprâ€™ expansion of â€˜c10::DispatchKeySet(AutogradIPU)â€™
      /work/home/onescience2025/anaconda3/envs/onescience-evo2/lib/python3.11/site-packages/torch/include/c10/core/DispatchKeySet.h:236:42:   in â€˜constexprâ€™ expansion of â€˜c10::toBackendComponent(k)â€™
      /work/home/onescience2025/anaconda3/envs/onescience-evo2/lib/python3.11/site-packages/torch/include/c10/core/DispatchKeySet.h:753:73: error: overflow in constant expression [-fpermissive]
       constexpr auto autograd_ipu_ks = DispatchKeySet(DispatchKey::AutogradIPU);
                                                                               ^
      /work/home/onescience2025/anaconda3/envs/onescience-evo2/lib/python3.11/site-packages/torch/include/c10/core/DispatchKeySet.h:754:73:   in â€˜constexprâ€™ expansion of â€˜c10::DispatchKeySet(AutogradXPU)â€™
      /work/home/onescience2025/anaconda3/envs/onescience-evo2/lib/python3.11/site-packages/torch/include/c10/core/DispatchKeySet.h:236:42:   in â€˜constexprâ€™ expansion of â€˜c10::toBackendComponent(k)â€™
      /work/home/onescience2025/anaconda3/envs/onescience-evo2/lib/python3.11/site-packages/torch/include/c10/core/DispatchKeySet.h:754:73: error: overflow in constant expression [-fpermissive]
       constexpr auto autograd_xpu_ks = DispatchKeySet(DispatchKey::AutogradXPU);
                                                                               ^
      /work/home/onescience2025/anaconda3/envs/onescience-evo2/lib/python3.11/site-packages/torch/include/c10/core/DispatchKeySet.h:755:75:   in â€˜constexprâ€™ expansion of â€˜c10::DispatchKeySet(AutogradCUDA)â€™
      /work/home/onescience2025/anaconda3/envs/onescience-evo2/lib/python3.11/site-packages/torch/include/c10/core/DispatchKeySet.h:236:42:   in â€˜constexprâ€™ expansion of â€˜c10::toBackendComponent(k)â€™
      /work/home/onescience2025/anaconda3/envs/onescience-evo2/lib/python3.11/site-packages/torch/include/c10/core/DispatchKeySet.h:755:75: error: overflow in constant expression [-fpermissive]
       constexpr auto autograd_cuda_ks = DispatchKeySet(DispatchKey::AutogradCUDA);
                                                                                 ^
      /work/home/onescience2025/anaconda3/envs/onescience-evo2/lib/python3.11/site-packages/torch/include/c10/core/DispatchKeySet.h:756:73:   in â€˜constexprâ€™ expansion of â€˜c10::DispatchKeySet(AutogradXLA)â€™
      /work/home/onescience2025/anaconda3/envs/onescience-evo2/lib/python3.11/site-packages/torch/include/c10/core/DispatchKeySet.h:236:42:   in â€˜constexprâ€™ expansion of â€˜c10::toBackendComponent(k)â€™
      /work/home/onescience2025/anaconda3/envs/onescience-evo2/lib/python3.11/site-packages/torch/include/c10/core/DispatchKeySet.h:756:73: error: overflow in constant expression [-fpermissive]
       constexpr auto autograd_xla_ks = DispatchKeySet(DispatchKey::AutogradXLA);
                                                                               ^
      /work/home/onescience2025/anaconda3/envs/onescience-evo2/lib/python3.11/site-packages/torch/include/c10/core/DispatchKeySet.h:757:75:   in â€˜constexprâ€™ expansion of â€˜c10::DispatchKeySet(AutogradLazy)â€™
      /work/home/onescience2025/anaconda3/envs/onescience-evo2/lib/python3.11/site-packages/torch/include/c10/core/DispatchKeySet.h:236:42:   in â€˜constexprâ€™ expansion of â€˜c10::toBackendComponent(k)â€™
      /work/home/onescience2025/anaconda3/envs/onescience-evo2/lib/python3.11/site-packages/torch/include/c10/core/DispatchKeySet.h:757:75: error: overflow in constant expression [-fpermissive]
       constexpr auto autograd_lazy_ks = DispatchKeySet(DispatchKey::AutogradLazy);
                                                                                 ^
      /work/home/onescience2025/anaconda3/envs/onescience-evo2/lib/python3.11/site-packages/torch/include/c10/core/DispatchKeySet.h:758:75:   in â€˜constexprâ€™ expansion of â€˜c10::DispatchKeySet(AutogradMeta)â€™
      /work/home/onescience2025/anaconda3/envs/onescience-evo2/lib/python3.11/site-packages/torch/include/c10/core/DispatchKeySet.h:236:42:   in â€˜constexprâ€™ expansion of â€˜c10::toBackendComponent(k)â€™
      /work/home/onescience2025/anaconda3/envs/onescience-evo2/lib/python3.11/site-packages/torch/include/c10/core/DispatchKeySet.h:758:75: error: overflow in constant expression [-fpermissive]
       constexpr auto autograd_meta_ks = DispatchKeySet(DispatchKey::AutogradMeta);
                                                                                 ^
      /work/home/onescience2025/anaconda3/envs/onescience-evo2/lib/python3.11/site-packages/torch/include/c10/core/DispatchKeySet.h:759:73:   in â€˜constexprâ€™ expansion of â€˜c10::DispatchKeySet(AutogradMPS)â€™
      /work/home/onescience2025/anaconda3/envs/onescience-evo2/lib/python3.11/site-packages/torch/include/c10/core/DispatchKeySet.h:236:42:   in â€˜constexprâ€™ expansion of â€˜c10::toBackendComponent(k)â€™
      /work/home/onescience2025/anaconda3/envs/onescience-evo2/lib/python3.11/site-packages/torch/include/c10/core/DispatchKeySet.h:759:73: error: overflow in constant expression [-fpermissive]
       constexpr auto autograd_mps_ks = DispatchKeySet(DispatchKey::AutogradMPS);
                                                                               ^
      /work/home/onescience2025/anaconda3/envs/onescience-evo2/lib/python3.11/site-packages/torch/include/c10/core/DispatchKeySet.h:760:73:   in â€˜constexprâ€™ expansion of â€˜c10::DispatchKeySet(AutogradHPU)â€™
      /work/home/onescience2025/anaconda3/envs/onescience-evo2/lib/python3.11/site-packages/torch/include/c10/core/DispatchKeySet.h:236:42:   in â€˜constexprâ€™ expansion of â€˜c10::toBackendComponent(k)â€™
      /work/home/onescience2025/anaconda3/envs/onescience-evo2/lib/python3.11/site-packages/torch/include/c10/core/DispatchKeySet.h:760:73: error: overflow in constant expression [-fpermissive]
       constexpr auto autograd_hpu_ks = DispatchKeySet(DispatchKey::AutogradHPU);
                                                                               ^
      /work/home/onescience2025/anaconda3/envs/onescience-evo2/lib/python3.11/site-packages/torch/include/c10/core/DispatchKeySet.h:762:52:   in â€˜constexprâ€™ expansion of â€˜c10::DispatchKeySet(AutogradPrivateUse1)â€™
      /work/home/onescience2025/anaconda3/envs/onescience-evo2/lib/python3.11/site-packages/torch/include/c10/core/DispatchKeySet.h:236:42:   in â€˜constexprâ€™ expansion of â€˜c10::toBackendComponent(k)â€™
      /work/home/onescience2025/anaconda3/envs/onescience-evo2/lib/python3.11/site-packages/torch/include/c10/core/DispatchKeySet.h:762:52: error: overflow in constant expression [-fpermissive]
           DispatchKeySet(DispatchKey::AutogradPrivateUse1);
                                                          ^
      /work/home/onescience2025/anaconda3/envs/onescience-evo2/lib/python3.11/site-packages/torch/include/c10/core/DispatchKeySet.h:764:52:   in â€˜constexprâ€™ expansion of â€˜c10::DispatchKeySet(AutogradPrivateUse2)â€™
      /work/home/onescience2025/anaconda3/envs/onescience-evo2/lib/python3.11/site-packages/torch/include/c10/core/DispatchKeySet.h:236:42:   in â€˜constexprâ€™ expansion of â€˜c10::toBackendComponent(k)â€™
      /work/home/onescience2025/anaconda3/envs/onescience-evo2/lib/python3.11/site-packages/torch/include/c10/core/DispatchKeySet.h:764:52: error: overflow in constant expression [-fpermissive]
           DispatchKeySet(DispatchKey::AutogradPrivateUse2);
                                                          ^
      /work/home/onescience2025/anaconda3/envs/onescience-evo2/lib/python3.11/site-packages/torch/include/c10/core/DispatchKeySet.h:766:52:   in â€˜constexprâ€™ expansion of â€˜c10::DispatchKeySet(AutogradPrivateUse3)â€™
      /work/home/onescience2025/anaconda3/envs/onescience-evo2/lib/python3.11/site-packages/torch/include/c10/core/DispatchKeySet.h:236:42:   in â€˜constexprâ€™ expansion of â€˜c10::toBackendComponent(k)â€™
      /work/home/onescience2025/anaconda3/envs/onescience-evo2/lib/python3.11/site-packages/torch/include/c10/core/DispatchKeySet.h:766:52: error: overflow in constant expression [-fpermissive]
           DispatchKeySet(DispatchKey::AutogradPrivateUse3);
                                                          ^
      ninja: build stopped: subcommand failed.
      Traceback (most recent call last):
        File "/work/home/onescience2025/anaconda3/envs/onescience-evo2/lib/python3.11/site-packages/torch/utils/cpp_extension.py", line 2164, in _run_ninja_build
          subprocess.run(
        File "/work/home/onescience2025/anaconda3/envs/onescience-evo2/lib/python3.11/subprocess.py", line 571, in run
          raise CalledProcessError(retcode, process.args,
      subprocess.CalledProcessError: Command '['ninja', '-v']' returned non-zero exit status 1.
      
      The above exception was the direct cause of the following exception:
      
      Traceback (most recent call last):
        File "/work/home/onescience2025/anaconda3/envs/onescience-evo2/lib/python3.11/site-packages/pip/_vendor/pyproject_hooks/_in_process/_in_process.py", line 389, in <module>
          main()
        File "/work/home/onescience2025/anaconda3/envs/onescience-evo2/lib/python3.11/site-packages/pip/_vendor/pyproject_hooks/_in_process/_in_process.py", line 373, in main
          json_out["return_val"] = hook(**hook_input["kwargs"])
                                   ^^^^^^^^^^^^^^^^^^^^^^^^^^^^
        File "/work/home/onescience2025/anaconda3/envs/onescience-evo2/lib/python3.11/site-packages/pip/_vendor/pyproject_hooks/_in_process/_in_process.py", line 280, in build_wheel
          return _build_backend().build_wheel(
                 ^^^^^^^^^^^^^^^^^^^^^^^^^^^^^
        File "/work/home/onescience2025/anaconda3/envs/onescience-evo2/lib/python3.11/site-packages/setuptools/build_meta.py", line 435, in build_wheel
          return _build(['bdist_wheel', '--dist-info-dir', str(metadata_directory)])
                 ^^^^^^^^^^^^^^^^^^^^^^^^^^^^^^^^^^^^^^^^^^^^^^^^^^^^^^^^^^^^^^^^^^^
        File "/work/home/onescience2025/anaconda3/envs/onescience-evo2/lib/python3.11/site-packages/setuptools/build_meta.py", line 423, in _build
          return self._build_with_temp_dir(
                 ^^^^^^^^^^^^^^^^^^^^^^^^^^
        File "/work/home/onescience2025/anaconda3/envs/onescience-evo2/lib/python3.11/site-packages/setuptools/build_meta.py", line 404, in _build_with_temp_dir
          self.run_setup()
        File "/work/home/onescience2025/anaconda3/envs/onescience-evo2/lib/python3.11/site-packages/setuptools/build_meta.py", line 317, in run_setup
          exec(code, locals())
        File "<string>", line 339, in <module>
        File "/work/home/onescience2025/anaconda3/envs/onescience-evo2/lib/python3.11/site-packages/setuptools/__init__.py", line 115, in setup
          return distutils.core.setup(**attrs)
                 ^^^^^^^^^^^^^^^^^^^^^^^^^^^^^
        File "/work/home/onescience2025/anaconda3/envs/onescience-evo2/lib/python3.11/site-packages/setuptools/_distutils/core.py", line 186, in setup
          return run_commands(dist)
                 ^^^^^^^^^^^^^^^^^^
        File "/work/home/onescience2025/anaconda3/envs/onescience-evo2/lib/python3.11/site-packages/setuptools/_distutils/core.py", line 202, in run_commands
          dist.run_commands()
        File "/work/home/onescience2025/anaconda3/envs/onescience-evo2/lib/python3.11/site-packages/setuptools/_distutils/dist.py", line 1002, in run_commands
          self.run_command(cmd)
        File "/work/home/onescience2025/anaconda3/envs/onescience-evo2/lib/python3.11/site-packages/setuptools/dist.py", line 1102, in run_command
          super().run_command(command)
        File "/work/home/onescience2025/anaconda3/envs/onescience-evo2/lib/python3.11/site-packages/setuptools/_distutils/dist.py", line 1021, in run_command
          cmd_obj.run()
        File "<string>", line 314, in run
        File "/work/home/onescience2025/anaconda3/envs/onescience-evo2/lib/python3.11/site-packages/setuptools/command/bdist_wheel.py", line 370, in run
          self.run_command("build")
        File "/work/home/onescience2025/anaconda3/envs/onescience-evo2/lib/python3.11/site-packages/setuptools/_distutils/cmd.py", line 357, in run_command
          self.distribution.run_command(command)
        File "/work/home/onescience2025/anaconda3/envs/onescience-evo2/lib/python3.11/site-packages/setuptools/dist.py", line 1102, in run_command
          super().run_command(command)
        File "/work/home/onescience2025/anaconda3/envs/onescience-evo2/lib/python3.11/site-packages/setuptools/_distutils/dist.py", line 1021, in run_command
          cmd_obj.run()
        File "/work/home/onescience2025/anaconda3/envs/onescience-evo2/lib/python3.11/site-packages/setuptools/_distutils/command/build.py", line 135, in run
          self.run_command(cmd_name)
        File "/work/home/onescience2025/anaconda3/envs/onescience-evo2/lib/python3.11/site-packages/setuptools/_distutils/cmd.py", line 357, in run_command
          self.distribution.run_command(command)
        File "/work/home/onescience2025/anaconda3/envs/onescience-evo2/lib/python3.11/site-packages/setuptools/dist.py", line 1102, in run_command
          super().run_command(command)
        File "/work/home/onescience2025/anaconda3/envs/onescience-evo2/lib/python3.11/site-packages/setuptools/_distutils/dist.py", line 1021, in run_command
          cmd_obj.run()
        File "/work/home/onescience2025/anaconda3/envs/onescience-evo2/lib/python3.11/site-packages/setuptools/command/build_ext.py", line 96, in run
          _build_ext.run(self)
        File "/work/home/onescience2025/anaconda3/envs/onescience-evo2/lib/python3.11/site-packages/setuptools/_distutils/command/build_ext.py", line 368, in run
          self.build_extensions()
        File "/work/home/onescience2025/anaconda3/envs/onescience-evo2/lib/python3.11/site-packages/torch/utils/cpp_extension.py", line 873, in build_extensions
          build_ext.build_extensions(self)
        File "/work/home/onescience2025/anaconda3/envs/onescience-evo2/lib/python3.11/site-packages/setuptools/_distutils/command/build_ext.py", line 484, in build_extensions
          self._build_extensions_serial()
        File "/work/home/onescience2025/anaconda3/envs/onescience-evo2/lib/python3.11/site-packages/setuptools/_distutils/command/build_ext.py", line 510, in _build_extensions_serial
          self.build_extension(ext)
        File "/work/home/onescience2025/anaconda3/envs/onescience-evo2/lib/python3.11/site-packages/setuptools/command/build_ext.py", line 261, in build_extension
          _build_ext.build_extension(self, ext)
        File "/work/home/onescience2025/anaconda3/envs/onescience-evo2/lib/python3.11/site-packages/setuptools/_distutils/command/build_ext.py", line 565, in build_extension
          objects = self.compiler.compile(
                    ^^^^^^^^^^^^^^^^^^^^^^
        File "/work/home/onescience2025/anaconda3/envs/onescience-evo2/lib/python3.11/site-packages/torch/utils/cpp_extension.py", line 686, in unix_wrap_ninja_compile
          _write_ninja_file_and_compile_objects(
        File "/work/home/onescience2025/anaconda3/envs/onescience-evo2/lib/python3.11/site-packages/torch/utils/cpp_extension.py", line 1844, in _write_ninja_file_and_compile_objects
          _run_ninja_build(
        File "/work/home/onescience2025/anaconda3/envs/onescience-evo2/lib/python3.11/site-packages/torch/utils/cpp_extension.py", line 2180, in _run_ninja_build
          raise RuntimeError(message) from e
      RuntimeError: Error compiling objects for extension
      [end of output]
  
  note: This error originates from a subprocess, and is likely not a problem with pip.
  ERROR: Failed building wheel for causal_conv1d
Failed to build causal_conv1d
error: failed-wheel-build-for-install

Ã— Failed to build installable wheels for some pyproject.toml based projects
â•°â”€> causal_conv1d
